2019-06-17 14:30:11 [scrapy.utils.log] INFO: Scrapy 1.6.0 started (bot: spiderframe)
2019-06-17 14:30:11 [scrapy.utils.log] INFO: Versions: lxml 4.3.3.0, libxml2 2.9.5, cssselect 1.0.3, parsel 1.5.1, w3lib 1.20.0, Twisted 18.9.0, Python 3.7.3 (v3.7.3:ef4ec6ed12, Mar 25 2019, 21:26:53) [MSC v.1916 32 bit (Intel)], pyOpenSSL 19.0.0 (OpenSSL 1.1.1b  26 Feb 2019), cryptography 2.6.1, Platform Windows-7-6.1.7601-SP1
2019-06-17 14:38:57 [scrapy.utils.log] INFO: Scrapy 1.6.0 started (bot: spiderframe)
2019-06-17 14:38:57 [scrapy.utils.log] INFO: Versions: lxml 4.3.3.0, libxml2 2.9.5, cssselect 1.0.3, parsel 1.5.1, w3lib 1.20.0, Twisted 18.9.0, Python 3.7.3 (v3.7.3:ef4ec6ed12, Mar 25 2019, 21:26:53) [MSC v.1916 32 bit (Intel)], pyOpenSSL 19.0.0 (OpenSSL 1.1.1b  26 Feb 2019), cryptography 2.6.1, Platform Windows-7-6.1.7601-SP1
2019-06-17 14:38:57 [scrapy.crawler] INFO: Overridden settings: {'BOT_NAME': 'spiderframe', 'DOWNLOAD_DELAY': 10, 'LOG_FILE': 'log/scrapy_2019617.log', 'LOG_LEVEL': 'INFO', 'NEWSPIDER_MODULE': 'spiderframe.spiders', 'SPIDER_MODULES': ['spiderframe.spiders'], 'USER_AGENT': 'Mozilla/5.0 (Windows NT 6.1; Win64; x64) AppleWebKit/537.36 (KHTML, like Gecko) Chrome/73.0.3683.86 Safari/537.36'}
2019-06-17 14:38:57 [scrapy.extensions.telnet] INFO: Telnet Password: bdb9cc3009b80820
2019-06-17 14:38:58 [scrapy.middleware] INFO: Enabled extensions:
['scrapy.extensions.corestats.CoreStats',
 'scrapy.extensions.telnet.TelnetConsole',
 'scrapy.extensions.logstats.LogStats']
2019-06-17 14:38:58 [scrapy.middleware] INFO: Enabled downloader middlewares:
['scrapy.downloadermiddlewares.httpauth.HttpAuthMiddleware',
 'scrapy.downloadermiddlewares.downloadtimeout.DownloadTimeoutMiddleware',
 'scrapy.downloadermiddlewares.defaultheaders.DefaultHeadersMiddleware',
 'scrapy.downloadermiddlewares.useragent.UserAgentMiddleware',
 'scrapy.downloadermiddlewares.retry.RetryMiddleware',
 'scrapy.downloadermiddlewares.redirect.MetaRefreshMiddleware',
 'scrapy.downloadermiddlewares.httpcompression.HttpCompressionMiddleware',
 'scrapy.downloadermiddlewares.redirect.RedirectMiddleware',
 'scrapy.downloadermiddlewares.cookies.CookiesMiddleware',
 'scrapy.downloadermiddlewares.httpproxy.HttpProxyMiddleware',
 'scrapy.downloadermiddlewares.stats.DownloaderStats']
2019-06-17 14:38:58 [scrapy.middleware] INFO: Enabled spider middlewares:
['scrapy.spidermiddlewares.httperror.HttpErrorMiddleware',
 'scrapy.spidermiddlewares.offsite.OffsiteMiddleware',
 'scrapy.spidermiddlewares.referer.RefererMiddleware',
 'scrapy.spidermiddlewares.urllength.UrlLengthMiddleware',
 'scrapy.spidermiddlewares.depth.DepthMiddleware']
2019-06-17 14:38:59 [scrapy.middleware] INFO: Enabled item pipelines:
['spiderframe.pipelines.SpiderframePipeline',
 'spiderframe.pipelines.RedisPipeline',
 'spiderframe.pipelines.MySQLPipeline',
 'spiderframe.pipelines.ImagePipeline']
2019-06-17 14:38:59 [scrapy.core.engine] INFO: Spider opened
2019-06-17 14:38:59 [scrapy.extensions.logstats] INFO: Crawled 0 pages (at 0 pages/min), scraped 0 items (at 0 items/min)
2019-06-17 14:38:59 [scrapy.extensions.telnet] INFO: Telnet console listening on 127.0.0.1:6023
2019-06-17 14:39:12 [scrapy.core.scraper] ERROR: Spider error processing <GET https://vi.glosbe.com/zh/vi/%E7%88%B8%E7%88%B8> (referer: None)
Traceback (most recent call last):
  File "d:\datatang\venv\lib\site-packages\twisted\internet\defer.py", line 654, in _runCallbacks
    current.result = callback(current.result, *args, **kw)
  File "D:\datatang\spiderframe\spiderframe\spiders\vietnam_speaking_sentence.py", line 14, in parse
    data.append(''.join(node.xpath(".//span/text()")))
TypeError: sequence item 0: expected str instance, Selector found
2019-06-17 14:39:12 [scrapy.core.engine] INFO: Closing spider (finished)
2019-06-17 14:39:12 [scrapy.statscollectors] INFO: Dumping Scrapy stats:
{'downloader/request_bytes': 315,
 'downloader/request_count': 1,
 'downloader/request_method_count/GET': 1,
 'downloader/response_bytes': 16943,
 'downloader/response_count': 1,
 'downloader/response_status_count/200': 1,
 'finish_reason': 'finished',
 'finish_time': datetime.datetime(2019, 6, 17, 6, 39, 12, 541000),
 'log_count/ERROR': 1,
 'log_count/INFO': 9,
 'response_received_count': 1,
 'scheduler/dequeued': 1,
 'scheduler/dequeued/memory': 1,
 'scheduler/enqueued': 1,
 'scheduler/enqueued/memory': 1,
 'spider_exceptions/TypeError': 1,
 'start_time': datetime.datetime(2019, 6, 17, 6, 38, 59, 561000)}
2019-06-17 14:39:12 [scrapy.core.engine] INFO: Spider closed (finished)
