2019-06-06 14:51:39 [scrapy.utils.log] INFO: Scrapy 1.6.0 started (bot: spiderframe)
2019-06-06 14:51:39 [scrapy.utils.log] INFO: Versions: lxml 4.3.3.0, libxml2 2.9.5, cssselect 1.0.3, parsel 1.5.1, w3lib 1.20.0, Twisted 18.9.0, Python 3.7.3 (v3.7.3:ef4ec6ed12, Mar 25 2019, 21:26:53) [MSC v.1916 32 bit (Intel)], pyOpenSSL 19.0.0 (OpenSSL 1.1.1b  26 Feb 2019), cryptography 2.6.1, Platform Windows-7-6.1.7601-SP1
2019-06-06 14:51:39 [scrapy.crawler] INFO: Overridden settings: {'BOT_NAME': 'spiderframe', 'DOWNLOAD_DELAY': 0.3, 'LOG_FILE': 'log/scrapy_201966.log', 'LOG_LEVEL': 'INFO', 'NEWSPIDER_MODULE': 'spiderframe.spiders', 'SPIDER_MODULES': ['spiderframe.spiders'], 'USER_AGENT': 'Mozilla/5.0 (Windows NT 6.1; Win64; x64) AppleWebKit/537.36 (KHTML, like Gecko) Chrome/73.0.3683.86 Safari/537.36'}
2019-06-06 14:51:39 [scrapy.extensions.telnet] INFO: Telnet Password: 6a34109e1e0f88e5
2019-06-06 14:51:39 [scrapy.middleware] INFO: Enabled extensions:
['scrapy.extensions.corestats.CoreStats',
 'scrapy.extensions.telnet.TelnetConsole',
 'scrapy.extensions.logstats.LogStats']
2019-06-06 14:51:39 [video_base] INFO: Reading start URLs from redis key 'video_bilibili_dajia_link' (batch size: 16, encoding: utf-8
2019-06-06 14:51:39 [scrapy.middleware] INFO: Enabled downloader middlewares:
['scrapy.downloadermiddlewares.httpauth.HttpAuthMiddleware',
 'scrapy.downloadermiddlewares.downloadtimeout.DownloadTimeoutMiddleware',
 'scrapy.downloadermiddlewares.defaultheaders.DefaultHeadersMiddleware',
 'scrapy.downloadermiddlewares.useragent.UserAgentMiddleware',
 'scrapy.downloadermiddlewares.retry.RetryMiddleware',
 'scrapy.downloadermiddlewares.redirect.MetaRefreshMiddleware',
 'scrapy.downloadermiddlewares.httpcompression.HttpCompressionMiddleware',
 'scrapy.downloadermiddlewares.redirect.RedirectMiddleware',
 'scrapy.downloadermiddlewares.cookies.CookiesMiddleware',
 'scrapy.downloadermiddlewares.httpproxy.HttpProxyMiddleware',
 'scrapy.downloadermiddlewares.stats.DownloaderStats']
2019-06-06 14:51:39 [scrapy.middleware] INFO: Enabled spider middlewares:
['scrapy.spidermiddlewares.httperror.HttpErrorMiddleware',
 'scrapy.spidermiddlewares.offsite.OffsiteMiddleware',
 'scrapy.spidermiddlewares.referer.RefererMiddleware',
 'scrapy.spidermiddlewares.urllength.UrlLengthMiddleware',
 'scrapy.spidermiddlewares.depth.DepthMiddleware']
2019-06-06 14:51:39 [scrapy.middleware] INFO: Enabled item pipelines:
['spiderframe.pipelines.SpiderframePipeline',
 'spiderframe.pipelines.RedisPipeline',
 'spiderframe.pipelines.MySQLPipeline',
 'spiderframe.pipelines.ImagePipeline']
2019-06-06 14:51:39 [scrapy.core.engine] INFO: Spider opened
2019-06-06 14:51:40 [scrapy.extensions.logstats] INFO: Crawled 0 pages (at 0 pages/min), scraped 0 items (at 0 items/min)
2019-06-06 14:51:40 [scrapy.extensions.telnet] INFO: Telnet console listening on 127.0.0.1:6023
2019-06-06 14:51:41 [scrapy.crawler] INFO: Received SIGINT, shutting down gracefully. Send again to force 
2019-06-06 14:51:41 [scrapy.core.engine] INFO: Closing spider (shutdown)
2019-06-06 14:51:41 [scrapy.crawler] INFO: Received SIGINT twice, forcing unclean shutdown
