2019-06-14 16:06:10 [scrapy.utils.log] INFO: Scrapy 1.6.0 started (bot: spiderframe)
2019-06-14 16:06:10 [scrapy.utils.log] INFO: Versions: lxml 4.3.3.0, libxml2 2.9.5, cssselect 1.0.3, parsel 1.5.1, w3lib 1.20.0, Twisted 18.9.0, Python 3.7.3 (v3.7.3:ef4ec6ed12, Mar 25 2019, 21:26:53) [MSC v.1916 32 bit (Intel)], pyOpenSSL 19.0.0 (OpenSSL 1.1.1b  26 Feb 2019), cryptography 2.6.1, Platform Windows-7-6.1.7601-SP1
2019-06-14 16:06:10 [scrapy.crawler] INFO: Overridden settings: {'BOT_NAME': 'spiderframe', 'DOWNLOAD_DELAY': 0.3, 'LOG_FILE': 'log/scrapy_2019614.log', 'LOG_LEVEL': 'INFO', 'NEWSPIDER_MODULE': 'spiderframe.spiders', 'SPIDER_MODULES': ['spiderframe.spiders'], 'USER_AGENT': 'Mozilla/5.0 (Windows NT 6.1; Win64; x64) AppleWebKit/537.36 (KHTML, like Gecko) Chrome/73.0.3683.86 Safari/537.36'}
2019-06-14 16:06:10 [scrapy.extensions.telnet] INFO: Telnet Password: cac32fa4be0ffb13
2019-06-14 16:06:10 [scrapy.middleware] INFO: Enabled extensions:
['scrapy.extensions.corestats.CoreStats',
 'scrapy.extensions.telnet.TelnetConsole',
 'scrapy.extensions.logstats.LogStats']
2019-06-14 16:06:11 [scrapy.middleware] INFO: Enabled downloader middlewares:
['scrapy.downloadermiddlewares.httpauth.HttpAuthMiddleware',
 'scrapy.downloadermiddlewares.downloadtimeout.DownloadTimeoutMiddleware',
 'scrapy.downloadermiddlewares.defaultheaders.DefaultHeadersMiddleware',
 'scrapy.downloadermiddlewares.useragent.UserAgentMiddleware',
 'scrapy.downloadermiddlewares.retry.RetryMiddleware',
 'scrapy.downloadermiddlewares.redirect.MetaRefreshMiddleware',
 'scrapy.downloadermiddlewares.httpcompression.HttpCompressionMiddleware',
 'scrapy.downloadermiddlewares.redirect.RedirectMiddleware',
 'scrapy.downloadermiddlewares.cookies.CookiesMiddleware',
 'scrapy.downloadermiddlewares.httpproxy.HttpProxyMiddleware',
 'scrapy.downloadermiddlewares.stats.DownloaderStats']
2019-06-14 16:06:11 [scrapy.middleware] INFO: Enabled spider middlewares:
['scrapy.spidermiddlewares.httperror.HttpErrorMiddleware',
 'scrapy.spidermiddlewares.offsite.OffsiteMiddleware',
 'scrapy.spidermiddlewares.referer.RefererMiddleware',
 'scrapy.spidermiddlewares.urllength.UrlLengthMiddleware',
 'scrapy.spidermiddlewares.depth.DepthMiddleware']
2019-06-14 16:06:11 [scrapy.middleware] INFO: Enabled item pipelines:
['spiderframe.pipelines.SpiderframePipeline',
 'spiderframe.pipelines.RedisPipeline',
 'spiderframe.pipelines.MySQLPipeline',
 'spiderframe.pipelines.ImagePipeline']
2019-06-14 16:06:11 [scrapy.core.engine] INFO: Spider opened
2019-06-14 16:06:12 [scrapy.extensions.logstats] INFO: Crawled 0 pages (at 0 pages/min), scraped 0 items (at 0 items/min)
2019-06-14 16:06:12 [scrapy.extensions.telnet] INFO: Telnet console listening on 127.0.0.1:6023
2019-06-14 16:07:03 [scrapy.core.engine] INFO: Closing spider (finished)
2019-06-14 16:07:03 [scrapy.statscollectors] INFO: Dumping Scrapy stats:
{'downloader/exception_count': 1,
 'downloader/exception_type_count/twisted.internet.error.TCPTimedOutError': 1,
 'downloader/request_bytes': 62248,
 'downloader/request_count': 122,
 'downloader/request_method_count/GET': 122,
 'downloader/response_bytes': 6504272,
 'downloader/response_count': 121,
 'downloader/response_status_count/200': 121,
 'file_count': 120,
 'file_status_count/downloaded': 120,
 'finish_reason': 'finished',
 'finish_time': datetime.datetime(2019, 6, 14, 8, 7, 3, 287200),
 'item_scraped_count': 4,
 'log_count/INFO': 9,
 'response_received_count': 121,
 'retry/count': 1,
 'retry/reason_count/twisted.internet.error.TCPTimedOutError': 1,
 'scheduler/dequeued': 1,
 'scheduler/dequeued/memory': 1,
 'scheduler/enqueued': 1,
 'scheduler/enqueued/memory': 1,
 'start_time': datetime.datetime(2019, 6, 14, 8, 6, 12, 72200)}
2019-06-14 16:07:03 [scrapy.core.engine] INFO: Spider closed (finished)
2019-06-14 16:24:25 [scrapy.utils.log] INFO: Scrapy 1.6.0 started (bot: spiderframe)
2019-06-14 16:24:25 [scrapy.utils.log] INFO: Versions: lxml 4.3.3.0, libxml2 2.9.5, cssselect 1.0.3, parsel 1.5.1, w3lib 1.20.0, Twisted 18.9.0, Python 3.7.3 (v3.7.3:ef4ec6ed12, Mar 25 2019, 21:26:53) [MSC v.1916 32 bit (Intel)], pyOpenSSL 19.0.0 (OpenSSL 1.1.1b  26 Feb 2019), cryptography 2.6.1, Platform Windows-7-6.1.7601-SP1
2019-06-14 16:35:08 [scrapy.utils.log] INFO: Scrapy 1.6.0 started (bot: spiderframe)
2019-06-14 16:35:08 [scrapy.utils.log] INFO: Versions: lxml 4.3.3.0, libxml2 2.9.5, cssselect 1.0.3, parsel 1.5.1, w3lib 1.20.0, Twisted 18.9.0, Python 3.7.3 (v3.7.3:ef4ec6ed12, Mar 25 2019, 21:26:53) [MSC v.1916 32 bit (Intel)], pyOpenSSL 19.0.0 (OpenSSL 1.1.1b  26 Feb 2019), cryptography 2.6.1, Platform Windows-7-6.1.7601-SP1
2019-06-14 16:35:08 [scrapy.crawler] INFO: Overridden settings: {'BOT_NAME': 'spiderframe', 'DOWNLOAD_DELAY': 0.3, 'LOG_FILE': 'log/scrapy_2019614.log', 'LOG_LEVEL': 'INFO', 'NEWSPIDER_MODULE': 'spiderframe.spiders', 'SPIDER_MODULES': ['spiderframe.spiders'], 'USER_AGENT': 'Mozilla/5.0 (Windows NT 6.1; Win64; x64) AppleWebKit/537.36 (KHTML, like Gecko) Chrome/73.0.3683.86 Safari/537.36'}
2019-06-14 16:35:08 [scrapy.extensions.telnet] INFO: Telnet Password: 24191be44aee2aa1
2019-06-14 16:35:08 [scrapy.middleware] INFO: Enabled extensions:
['scrapy.extensions.corestats.CoreStats',
 'scrapy.extensions.telnet.TelnetConsole',
 'scrapy.extensions.logstats.LogStats']
2019-06-14 16:35:08 [scrapy.middleware] INFO: Enabled downloader middlewares:
['scrapy.downloadermiddlewares.httpauth.HttpAuthMiddleware',
 'scrapy.downloadermiddlewares.downloadtimeout.DownloadTimeoutMiddleware',
 'scrapy.downloadermiddlewares.defaultheaders.DefaultHeadersMiddleware',
 'scrapy.downloadermiddlewares.useragent.UserAgentMiddleware',
 'scrapy.downloadermiddlewares.retry.RetryMiddleware',
 'scrapy.downloadermiddlewares.redirect.MetaRefreshMiddleware',
 'scrapy.downloadermiddlewares.httpcompression.HttpCompressionMiddleware',
 'scrapy.downloadermiddlewares.redirect.RedirectMiddleware',
 'scrapy.downloadermiddlewares.cookies.CookiesMiddleware',
 'scrapy.downloadermiddlewares.httpproxy.HttpProxyMiddleware',
 'scrapy.downloadermiddlewares.stats.DownloaderStats']
2019-06-14 16:35:08 [scrapy.middleware] INFO: Enabled spider middlewares:
['scrapy.spidermiddlewares.httperror.HttpErrorMiddleware',
 'scrapy.spidermiddlewares.offsite.OffsiteMiddleware',
 'scrapy.spidermiddlewares.referer.RefererMiddleware',
 'scrapy.spidermiddlewares.urllength.UrlLengthMiddleware',
 'scrapy.spidermiddlewares.depth.DepthMiddleware']
2019-06-14 16:35:08 [scrapy.middleware] INFO: Enabled item pipelines:
['spiderframe.pipelines.SpiderframePipeline',
 'spiderframe.pipelines.RedisPipeline',
 'spiderframe.pipelines.MySQLPipeline',
 'spiderframe.pipelines.ImagePipeline']
2019-06-14 16:35:08 [scrapy.core.engine] INFO: Spider opened
2019-06-14 16:35:09 [scrapy.extensions.logstats] INFO: Crawled 0 pages (at 0 pages/min), scraped 0 items (at 0 items/min)
2019-06-14 16:35:09 [py.warnings] WARNING: d:\datatang\venv\lib\site-packages\scrapy\spidermiddlewares\offsite.py:61: URLWarning: allowed_domains accepts only domains, not URLs. Ignoring URL entry http://image.baidu.com in allowed_domains.
  warnings.warn(message, URLWarning)

2019-06-14 16:35:09 [scrapy.extensions.telnet] INFO: Telnet console listening on 127.0.0.1:6023
2019-06-14 16:35:11 [scrapy.core.engine] INFO: Closing spider (finished)
2019-06-14 16:35:11 [scrapy.statscollectors] INFO: Dumping Scrapy stats:
{'downloader/request_bytes': 386,
 'downloader/request_count': 1,
 'downloader/request_method_count/GET': 1,
 'downloader/response_bytes': 225302,
 'downloader/response_count': 1,
 'downloader/response_status_count/200': 1,
 'finish_reason': 'finished',
 'finish_time': datetime.datetime(2019, 6, 14, 8, 35, 11, 224200),
 'log_count/INFO': 9,
 'log_count/WARNING': 1,
 'response_received_count': 1,
 'scheduler/dequeued': 1,
 'scheduler/dequeued/memory': 1,
 'scheduler/enqueued': 1,
 'scheduler/enqueued/memory': 1,
 'start_time': datetime.datetime(2019, 6, 14, 8, 35, 9, 159200)}
2019-06-14 16:35:11 [scrapy.core.engine] INFO: Spider closed (finished)
2019-06-14 16:46:56 [scrapy.utils.log] INFO: Scrapy 1.6.0 started (bot: spiderframe)
2019-06-14 16:46:56 [scrapy.utils.log] INFO: Versions: lxml 4.3.3.0, libxml2 2.9.5, cssselect 1.0.3, parsel 1.5.1, w3lib 1.20.0, Twisted 18.9.0, Python 3.7.3 (v3.7.3:ef4ec6ed12, Mar 25 2019, 21:26:53) [MSC v.1916 32 bit (Intel)], pyOpenSSL 19.0.0 (OpenSSL 1.1.1b  26 Feb 2019), cryptography 2.6.1, Platform Windows-7-6.1.7601-SP1
2019-06-14 16:46:56 [scrapy.crawler] INFO: Overridden settings: {'BOT_NAME': 'spiderframe', 'DOWNLOAD_DELAY': 0.3, 'LOG_FILE': 'log/scrapy_2019614.log', 'LOG_LEVEL': 'INFO', 'NEWSPIDER_MODULE': 'spiderframe.spiders', 'SPIDER_MODULES': ['spiderframe.spiders'], 'USER_AGENT': 'Mozilla/5.0 (Windows NT 6.1; Win64; x64) AppleWebKit/537.36 (KHTML, like Gecko) Chrome/73.0.3683.86 Safari/537.36'}
2019-06-14 16:46:56 [scrapy.extensions.telnet] INFO: Telnet Password: f65f5ece7228ebe7
2019-06-14 16:46:56 [scrapy.middleware] INFO: Enabled extensions:
['scrapy.extensions.corestats.CoreStats',
 'scrapy.extensions.telnet.TelnetConsole',
 'scrapy.extensions.logstats.LogStats']
2019-06-14 16:46:56 [scrapy.middleware] INFO: Enabled downloader middlewares:
['scrapy.downloadermiddlewares.httpauth.HttpAuthMiddleware',
 'scrapy.downloadermiddlewares.downloadtimeout.DownloadTimeoutMiddleware',
 'scrapy.downloadermiddlewares.defaultheaders.DefaultHeadersMiddleware',
 'scrapy.downloadermiddlewares.useragent.UserAgentMiddleware',
 'scrapy.downloadermiddlewares.retry.RetryMiddleware',
 'scrapy.downloadermiddlewares.redirect.MetaRefreshMiddleware',
 'scrapy.downloadermiddlewares.httpcompression.HttpCompressionMiddleware',
 'scrapy.downloadermiddlewares.redirect.RedirectMiddleware',
 'scrapy.downloadermiddlewares.cookies.CookiesMiddleware',
 'scrapy.downloadermiddlewares.httpproxy.HttpProxyMiddleware',
 'scrapy.downloadermiddlewares.stats.DownloaderStats']
2019-06-14 16:46:56 [scrapy.middleware] INFO: Enabled spider middlewares:
['scrapy.spidermiddlewares.httperror.HttpErrorMiddleware',
 'scrapy.spidermiddlewares.offsite.OffsiteMiddleware',
 'scrapy.spidermiddlewares.referer.RefererMiddleware',
 'scrapy.spidermiddlewares.urllength.UrlLengthMiddleware',
 'scrapy.spidermiddlewares.depth.DepthMiddleware']
2019-06-14 16:46:56 [scrapy.middleware] INFO: Enabled item pipelines:
['spiderframe.pipelines.SpiderframePipeline',
 'spiderframe.pipelines.RedisPipeline',
 'spiderframe.pipelines.MySQLPipeline',
 'spiderframe.pipelines.ImagePipeline']
2019-06-14 16:46:56 [scrapy.core.engine] INFO: Spider opened
2019-06-14 16:46:57 [scrapy.extensions.logstats] INFO: Crawled 0 pages (at 0 pages/min), scraped 0 items (at 0 items/min)
2019-06-14 16:46:57 [py.warnings] WARNING: d:\datatang\venv\lib\site-packages\scrapy\spidermiddlewares\offsite.py:61: URLWarning: allowed_domains accepts only domains, not URLs. Ignoring URL entry http://image.baidu.com in allowed_domains.
  warnings.warn(message, URLWarning)

2019-06-14 16:46:57 [scrapy.extensions.telnet] INFO: Telnet console listening on 127.0.0.1:6023
2019-06-14 16:47:00 [scrapy.core.engine] INFO: Closing spider (finished)
2019-06-14 16:47:00 [scrapy.statscollectors] INFO: Dumping Scrapy stats:
{'downloader/request_bytes': 386,
 'downloader/request_count': 1,
 'downloader/request_method_count/GET': 1,
 'downloader/response_bytes': 223497,
 'downloader/response_count': 1,
 'downloader/response_status_count/200': 1,
 'finish_reason': 'finished',
 'finish_time': datetime.datetime(2019, 6, 14, 8, 47, 0, 907200),
 'log_count/INFO': 9,
 'log_count/WARNING': 1,
 'response_received_count': 1,
 'scheduler/dequeued': 1,
 'scheduler/dequeued/memory': 1,
 'scheduler/enqueued': 1,
 'scheduler/enqueued/memory': 1,
 'start_time': datetime.datetime(2019, 6, 14, 8, 46, 57, 309200)}
2019-06-14 16:47:00 [scrapy.core.engine] INFO: Spider closed (finished)
2019-06-14 17:08:33 [scrapy.utils.log] INFO: Scrapy 1.6.0 started (bot: spiderframe)
2019-06-14 17:08:33 [scrapy.utils.log] INFO: Versions: lxml 4.3.3.0, libxml2 2.9.5, cssselect 1.0.3, parsel 1.5.1, w3lib 1.20.0, Twisted 18.9.0, Python 3.7.3 (v3.7.3:ef4ec6ed12, Mar 25 2019, 21:26:53) [MSC v.1916 32 bit (Intel)], pyOpenSSL 19.0.0 (OpenSSL 1.1.1b  26 Feb 2019), cryptography 2.6.1, Platform Windows-7-6.1.7601-SP1
2019-06-14 17:08:33 [scrapy.crawler] INFO: Overridden settings: {'BOT_NAME': 'spiderframe', 'DOWNLOAD_DELAY': 0.3, 'DUPEFILTER_CLASS': 'scrapy.dupefilters.BaseDupeFilter', 'LOGSTATS_INTERVAL': 0, 'LOG_FILE': 'log/scrapy_2019614.log', 'LOG_LEVEL': 'INFO', 'NEWSPIDER_MODULE': 'spiderframe.spiders', 'SPIDER_MODULES': ['spiderframe.spiders'], 'USER_AGENT': 'Mozilla/5.0 (Windows NT 6.1; Win64; x64) AppleWebKit/537.36 (KHTML, like Gecko) Chrome/73.0.3683.86 Safari/537.36'}
2019-06-14 17:08:33 [scrapy.extensions.telnet] INFO: Telnet Password: 2d4c51f662c71023
2019-06-14 17:08:33 [scrapy.middleware] INFO: Enabled extensions:
['scrapy.extensions.corestats.CoreStats',
 'scrapy.extensions.telnet.TelnetConsole']
2019-06-14 17:08:33 [scrapy.middleware] INFO: Enabled downloader middlewares:
['scrapy.downloadermiddlewares.httpauth.HttpAuthMiddleware',
 'scrapy.downloadermiddlewares.downloadtimeout.DownloadTimeoutMiddleware',
 'scrapy.downloadermiddlewares.defaultheaders.DefaultHeadersMiddleware',
 'scrapy.downloadermiddlewares.useragent.UserAgentMiddleware',
 'scrapy.downloadermiddlewares.retry.RetryMiddleware',
 'scrapy.downloadermiddlewares.redirect.MetaRefreshMiddleware',
 'scrapy.downloadermiddlewares.httpcompression.HttpCompressionMiddleware',
 'scrapy.downloadermiddlewares.redirect.RedirectMiddleware',
 'scrapy.downloadermiddlewares.cookies.CookiesMiddleware',
 'scrapy.downloadermiddlewares.httpproxy.HttpProxyMiddleware',
 'scrapy.downloadermiddlewares.stats.DownloaderStats']
2019-06-14 17:08:33 [scrapy.middleware] INFO: Enabled spider middlewares:
['scrapy.spidermiddlewares.httperror.HttpErrorMiddleware',
 'scrapy.spidermiddlewares.offsite.OffsiteMiddleware',
 'scrapy.spidermiddlewares.referer.RefererMiddleware',
 'scrapy.spidermiddlewares.urllength.UrlLengthMiddleware',
 'scrapy.spidermiddlewares.depth.DepthMiddleware']
2019-06-14 17:08:33 [scrapy.middleware] INFO: Enabled item pipelines:
['spiderframe.pipelines.SpiderframePipeline',
 'spiderframe.pipelines.RedisPipeline',
 'spiderframe.pipelines.MySQLPipeline',
 'spiderframe.pipelines.ImagePipeline']
2019-06-14 17:08:33 [scrapy.extensions.telnet] INFO: Telnet console listening on 127.0.0.1:6023
2019-06-14 17:08:33 [scrapy.core.engine] INFO: Spider opened
2019-06-14 17:08:53 [scrapy.utils.log] INFO: Scrapy 1.6.0 started (bot: spiderframe)
2019-06-14 17:08:53 [scrapy.utils.log] INFO: Versions: lxml 4.3.3.0, libxml2 2.9.5, cssselect 1.0.3, parsel 1.5.1, w3lib 1.20.0, Twisted 18.9.0, Python 3.7.3 (v3.7.3:ef4ec6ed12, Mar 25 2019, 21:26:53) [MSC v.1916 32 bit (Intel)], pyOpenSSL 19.0.0 (OpenSSL 1.1.1b  26 Feb 2019), cryptography 2.6.1, Platform Windows-7-6.1.7601-SP1
2019-06-14 17:08:53 [scrapy.crawler] INFO: Overridden settings: {'BOT_NAME': 'spiderframe', 'DOWNLOAD_DELAY': 0.3, 'DUPEFILTER_CLASS': 'scrapy.dupefilters.BaseDupeFilter', 'LOGSTATS_INTERVAL': 0, 'LOG_FILE': 'log/scrapy_2019614.log', 'LOG_LEVEL': 'INFO', 'NEWSPIDER_MODULE': 'spiderframe.spiders', 'SPIDER_MODULES': ['spiderframe.spiders'], 'USER_AGENT': 'Mozilla/5.0 (Windows NT 6.1; Win64; x64) AppleWebKit/537.36 (KHTML, like Gecko) Chrome/73.0.3683.86 Safari/537.36'}
2019-06-14 17:08:53 [scrapy.extensions.telnet] INFO: Telnet Password: 1da5edb15a90e8e5
2019-06-14 17:08:53 [scrapy.middleware] INFO: Enabled extensions:
['scrapy.extensions.corestats.CoreStats',
 'scrapy.extensions.telnet.TelnetConsole']
2019-06-14 17:08:53 [scrapy.middleware] INFO: Enabled downloader middlewares:
['scrapy.downloadermiddlewares.httpauth.HttpAuthMiddleware',
 'scrapy.downloadermiddlewares.downloadtimeout.DownloadTimeoutMiddleware',
 'scrapy.downloadermiddlewares.defaultheaders.DefaultHeadersMiddleware',
 'scrapy.downloadermiddlewares.useragent.UserAgentMiddleware',
 'scrapy.downloadermiddlewares.retry.RetryMiddleware',
 'scrapy.downloadermiddlewares.redirect.MetaRefreshMiddleware',
 'scrapy.downloadermiddlewares.httpcompression.HttpCompressionMiddleware',
 'scrapy.downloadermiddlewares.redirect.RedirectMiddleware',
 'scrapy.downloadermiddlewares.cookies.CookiesMiddleware',
 'scrapy.downloadermiddlewares.httpproxy.HttpProxyMiddleware',
 'scrapy.downloadermiddlewares.stats.DownloaderStats']
2019-06-14 17:08:53 [scrapy.middleware] INFO: Enabled spider middlewares:
['scrapy.spidermiddlewares.httperror.HttpErrorMiddleware',
 'scrapy.spidermiddlewares.offsite.OffsiteMiddleware',
 'scrapy.spidermiddlewares.referer.RefererMiddleware',
 'scrapy.spidermiddlewares.urllength.UrlLengthMiddleware',
 'scrapy.spidermiddlewares.depth.DepthMiddleware']
2019-06-14 17:08:53 [scrapy.middleware] INFO: Enabled item pipelines:
['spiderframe.pipelines.SpiderframePipeline',
 'spiderframe.pipelines.RedisPipeline',
 'spiderframe.pipelines.MySQLPipeline',
 'spiderframe.pipelines.ImagePipeline']
2019-06-14 17:08:53 [scrapy.extensions.telnet] INFO: Telnet console listening on 127.0.0.1:6023
2019-06-14 17:08:53 [scrapy.core.engine] INFO: Spider opened
2019-06-14 17:09:35 [scrapy.utils.log] INFO: Scrapy 1.6.0 started (bot: spiderframe)
2019-06-14 17:09:35 [scrapy.utils.log] INFO: Versions: lxml 4.3.3.0, libxml2 2.9.5, cssselect 1.0.3, parsel 1.5.1, w3lib 1.20.0, Twisted 18.9.0, Python 3.7.3 (v3.7.3:ef4ec6ed12, Mar 25 2019, 21:26:53) [MSC v.1916 32 bit (Intel)], pyOpenSSL 19.0.0 (OpenSSL 1.1.1b  26 Feb 2019), cryptography 2.6.1, Platform Windows-7-6.1.7601-SP1
2019-06-14 17:09:35 [scrapy.crawler] INFO: Overridden settings: {'BOT_NAME': 'spiderframe', 'DOWNLOAD_DELAY': 0.3, 'LOG_FILE': 'log/scrapy_2019614.log', 'LOG_LEVEL': 'INFO', 'NEWSPIDER_MODULE': 'spiderframe.spiders', 'SPIDER_MODULES': ['spiderframe.spiders'], 'USER_AGENT': 'Mozilla/5.0 (Windows NT 6.1; Win64; x64) AppleWebKit/537.36 (KHTML, like Gecko) Chrome/73.0.3683.86 Safari/537.36'}
2019-06-14 17:09:35 [scrapy.extensions.telnet] INFO: Telnet Password: 23168a02c5ef8cc4
2019-06-14 17:09:35 [scrapy.middleware] INFO: Enabled extensions:
['scrapy.extensions.corestats.CoreStats',
 'scrapy.extensions.telnet.TelnetConsole',
 'scrapy.extensions.logstats.LogStats']
2019-06-14 17:09:35 [scrapy.middleware] INFO: Enabled downloader middlewares:
['scrapy.downloadermiddlewares.httpauth.HttpAuthMiddleware',
 'scrapy.downloadermiddlewares.downloadtimeout.DownloadTimeoutMiddleware',
 'scrapy.downloadermiddlewares.defaultheaders.DefaultHeadersMiddleware',
 'scrapy.downloadermiddlewares.useragent.UserAgentMiddleware',
 'scrapy.downloadermiddlewares.retry.RetryMiddleware',
 'scrapy.downloadermiddlewares.redirect.MetaRefreshMiddleware',
 'scrapy.downloadermiddlewares.httpcompression.HttpCompressionMiddleware',
 'scrapy.downloadermiddlewares.redirect.RedirectMiddleware',
 'scrapy.downloadermiddlewares.cookies.CookiesMiddleware',
 'scrapy.downloadermiddlewares.httpproxy.HttpProxyMiddleware',
 'scrapy.downloadermiddlewares.stats.DownloaderStats']
2019-06-14 17:09:35 [scrapy.middleware] INFO: Enabled spider middlewares:
['scrapy.spidermiddlewares.httperror.HttpErrorMiddleware',
 'scrapy.spidermiddlewares.offsite.OffsiteMiddleware',
 'scrapy.spidermiddlewares.referer.RefererMiddleware',
 'scrapy.spidermiddlewares.urllength.UrlLengthMiddleware',
 'scrapy.spidermiddlewares.depth.DepthMiddleware']
2019-06-14 17:09:35 [scrapy.middleware] INFO: Enabled item pipelines:
['spiderframe.pipelines.SpiderframePipeline',
 'spiderframe.pipelines.RedisPipeline',
 'spiderframe.pipelines.MySQLPipeline',
 'spiderframe.pipelines.ImagePipeline']
2019-06-14 17:09:35 [scrapy.core.engine] INFO: Spider opened
2019-06-14 17:09:36 [scrapy.extensions.logstats] INFO: Crawled 0 pages (at 0 pages/min), scraped 0 items (at 0 items/min)
2019-06-14 17:09:36 [scrapy.extensions.telnet] INFO: Telnet console listening on 127.0.0.1:6024
2019-06-14 17:10:28 [scrapy.utils.log] INFO: Scrapy 1.6.0 started (bot: spiderframe)
2019-06-14 17:10:28 [scrapy.utils.log] INFO: Versions: lxml 4.3.3.0, libxml2 2.9.5, cssselect 1.0.3, parsel 1.5.1, w3lib 1.20.0, Twisted 18.9.0, Python 3.7.3 (v3.7.3:ef4ec6ed12, Mar 25 2019, 21:26:53) [MSC v.1916 32 bit (Intel)], pyOpenSSL 19.0.0 (OpenSSL 1.1.1b  26 Feb 2019), cryptography 2.6.1, Platform Windows-7-6.1.7601-SP1
2019-06-14 17:10:28 [scrapy.crawler] INFO: Overridden settings: {'BOT_NAME': 'spiderframe', 'DOWNLOAD_DELAY': 0.3, 'LOG_FILE': 'log/scrapy_2019614.log', 'LOG_LEVEL': 'INFO', 'NEWSPIDER_MODULE': 'spiderframe.spiders', 'SPIDER_MODULES': ['spiderframe.spiders'], 'USER_AGENT': 'Mozilla/5.0 (Windows NT 6.1; Win64; x64) AppleWebKit/537.36 (KHTML, like Gecko) Chrome/73.0.3683.86 Safari/537.36'}
2019-06-14 17:10:29 [scrapy.extensions.telnet] INFO: Telnet Password: 271ef4aed0fa198d
2019-06-14 17:10:29 [scrapy.middleware] INFO: Enabled extensions:
['scrapy.extensions.corestats.CoreStats',
 'scrapy.extensions.telnet.TelnetConsole',
 'scrapy.extensions.logstats.LogStats']
2019-06-14 17:10:29 [scrapy.middleware] INFO: Enabled downloader middlewares:
['scrapy.downloadermiddlewares.httpauth.HttpAuthMiddleware',
 'scrapy.downloadermiddlewares.downloadtimeout.DownloadTimeoutMiddleware',
 'scrapy.downloadermiddlewares.defaultheaders.DefaultHeadersMiddleware',
 'scrapy.downloadermiddlewares.useragent.UserAgentMiddleware',
 'scrapy.downloadermiddlewares.retry.RetryMiddleware',
 'scrapy.downloadermiddlewares.redirect.MetaRefreshMiddleware',
 'scrapy.downloadermiddlewares.httpcompression.HttpCompressionMiddleware',
 'scrapy.downloadermiddlewares.redirect.RedirectMiddleware',
 'scrapy.downloadermiddlewares.cookies.CookiesMiddleware',
 'scrapy.downloadermiddlewares.httpproxy.HttpProxyMiddleware',
 'scrapy.downloadermiddlewares.stats.DownloaderStats']
2019-06-14 17:10:29 [scrapy.middleware] INFO: Enabled spider middlewares:
['scrapy.spidermiddlewares.httperror.HttpErrorMiddleware',
 'scrapy.spidermiddlewares.offsite.OffsiteMiddleware',
 'scrapy.spidermiddlewares.referer.RefererMiddleware',
 'scrapy.spidermiddlewares.urllength.UrlLengthMiddleware',
 'scrapy.spidermiddlewares.depth.DepthMiddleware']
2019-06-14 17:10:29 [scrapy.middleware] INFO: Enabled item pipelines:
['spiderframe.pipelines.SpiderframePipeline',
 'spiderframe.pipelines.RedisPipeline',
 'spiderframe.pipelines.MySQLPipeline',
 'spiderframe.pipelines.ImagePipeline']
2019-06-14 17:10:29 [scrapy.core.engine] INFO: Spider opened
2019-06-14 17:10:30 [scrapy.extensions.logstats] INFO: Crawled 0 pages (at 0 pages/min), scraped 0 items (at 0 items/min)
2019-06-14 17:10:30 [py.warnings] WARNING: D:\datatang\venv\lib\site-packages\scrapy\spidermiddlewares\offsite.py:61: URLWarning: allowed_domains accepts only domains, not URLs. Ignoring URL entry http://image.baidu.com in allowed_domains.
  warnings.warn(message, URLWarning)

2019-06-14 17:10:30 [scrapy.extensions.telnet] INFO: Telnet console listening on 127.0.0.1:6024
2019-06-14 17:15:58 [scrapy.extensions.logstats] INFO: Crawled 1 pages (at 1 pages/min), scraped 0 items (at 0 items/min)
2019-06-14 17:15:58 [scrapy.core.engine] INFO: Closing spider (finished)
2019-06-14 17:15:58 [scrapy.statscollectors] INFO: Dumping Scrapy stats:
{'downloader/request_bytes': 589,
 'downloader/request_count': 1,
 'downloader/request_method_count/GET': 1,
 'downloader/response_bytes': 9070,
 'downloader/response_count': 1,
 'downloader/response_status_count/200': 1,
 'finish_reason': 'finished',
 'finish_time': datetime.datetime(2019, 6, 14, 9, 15, 58, 430200),
 'log_count/INFO': 10,
 'log_count/WARNING': 1,
 'response_received_count': 1,
 'scheduler/dequeued': 1,
 'scheduler/dequeued/memory': 1,
 'scheduler/enqueued': 1,
 'scheduler/enqueued/memory': 1,
 'start_time': datetime.datetime(2019, 6, 14, 9, 10, 30, 274200)}
2019-06-14 17:15:58 [scrapy.core.engine] INFO: Spider closed (finished)
2019-06-14 17:17:13 [scrapy.utils.log] INFO: Scrapy 1.6.0 started (bot: spiderframe)
2019-06-14 17:17:13 [scrapy.utils.log] INFO: Versions: lxml 4.3.3.0, libxml2 2.9.5, cssselect 1.0.3, parsel 1.5.1, w3lib 1.20.0, Twisted 18.9.0, Python 3.7.3 (v3.7.3:ef4ec6ed12, Mar 25 2019, 21:26:53) [MSC v.1916 32 bit (Intel)], pyOpenSSL 19.0.0 (OpenSSL 1.1.1b  26 Feb 2019), cryptography 2.6.1, Platform Windows-7-6.1.7601-SP1
2019-06-14 17:17:13 [scrapy.crawler] INFO: Overridden settings: {'BOT_NAME': 'spiderframe', 'DOWNLOAD_DELAY': 0.3, 'LOG_FILE': 'log/scrapy_2019614.log', 'LOG_LEVEL': 'INFO', 'NEWSPIDER_MODULE': 'spiderframe.spiders', 'SPIDER_MODULES': ['spiderframe.spiders'], 'USER_AGENT': 'Mozilla/5.0 (Windows NT 6.1; Win64; x64) AppleWebKit/537.36 (KHTML, like Gecko) Chrome/73.0.3683.86 Safari/537.36'}
2019-06-14 17:17:13 [scrapy.extensions.telnet] INFO: Telnet Password: 9650d73d98da2461
2019-06-14 17:17:13 [scrapy.middleware] INFO: Enabled extensions:
['scrapy.extensions.corestats.CoreStats',
 'scrapy.extensions.telnet.TelnetConsole',
 'scrapy.extensions.logstats.LogStats']
2019-06-14 17:17:13 [scrapy.middleware] INFO: Enabled downloader middlewares:
['scrapy.downloadermiddlewares.httpauth.HttpAuthMiddleware',
 'scrapy.downloadermiddlewares.downloadtimeout.DownloadTimeoutMiddleware',
 'scrapy.downloadermiddlewares.defaultheaders.DefaultHeadersMiddleware',
 'scrapy.downloadermiddlewares.useragent.UserAgentMiddleware',
 'scrapy.downloadermiddlewares.retry.RetryMiddleware',
 'scrapy.downloadermiddlewares.redirect.MetaRefreshMiddleware',
 'scrapy.downloadermiddlewares.httpcompression.HttpCompressionMiddleware',
 'scrapy.downloadermiddlewares.redirect.RedirectMiddleware',
 'scrapy.downloadermiddlewares.cookies.CookiesMiddleware',
 'scrapy.downloadermiddlewares.httpproxy.HttpProxyMiddleware',
 'scrapy.downloadermiddlewares.stats.DownloaderStats']
2019-06-14 17:17:13 [scrapy.middleware] INFO: Enabled spider middlewares:
['scrapy.spidermiddlewares.httperror.HttpErrorMiddleware',
 'scrapy.spidermiddlewares.offsite.OffsiteMiddleware',
 'scrapy.spidermiddlewares.referer.RefererMiddleware',
 'scrapy.spidermiddlewares.urllength.UrlLengthMiddleware',
 'scrapy.spidermiddlewares.depth.DepthMiddleware']
2019-06-14 17:17:13 [scrapy.middleware] INFO: Enabled item pipelines:
['spiderframe.pipelines.SpiderframePipeline',
 'spiderframe.pipelines.RedisPipeline',
 'spiderframe.pipelines.MySQLPipeline',
 'spiderframe.pipelines.ImagePipeline']
2019-06-14 17:17:13 [scrapy.core.engine] INFO: Spider opened
2019-06-14 17:17:13 [scrapy.extensions.logstats] INFO: Crawled 0 pages (at 0 pages/min), scraped 0 items (at 0 items/min)
2019-06-14 17:17:13 [py.warnings] WARNING: D:\datatang\venv\lib\site-packages\scrapy\spidermiddlewares\offsite.py:61: URLWarning: allowed_domains accepts only domains, not URLs. Ignoring URL entry http://image.baidu.com in allowed_domains.
  warnings.warn(message, URLWarning)

2019-06-14 17:17:13 [scrapy.extensions.telnet] INFO: Telnet console listening on 127.0.0.1:6024
2019-06-14 17:17:24 [scrapy.core.engine] INFO: Closing spider (finished)
2019-06-14 17:17:24 [scrapy.statscollectors] INFO: Dumping Scrapy stats:
{'downloader/request_bytes': 589,
 'downloader/request_count': 1,
 'downloader/request_method_count/GET': 1,
 'downloader/response_bytes': 9202,
 'downloader/response_count': 1,
 'downloader/response_status_count/200': 1,
 'finish_reason': 'finished',
 'finish_time': datetime.datetime(2019, 6, 14, 9, 17, 24, 559200),
 'log_count/INFO': 9,
 'log_count/WARNING': 1,
 'response_received_count': 1,
 'scheduler/dequeued': 1,
 'scheduler/dequeued/memory': 1,
 'scheduler/enqueued': 1,
 'scheduler/enqueued/memory': 1,
 'start_time': datetime.datetime(2019, 6, 14, 9, 17, 13, 984200)}
2019-06-14 17:17:24 [scrapy.core.engine] INFO: Spider closed (finished)
2019-06-14 17:29:01 [scrapy.utils.log] INFO: Scrapy 1.6.0 started (bot: spiderframe)
2019-06-14 17:29:01 [scrapy.utils.log] INFO: Versions: lxml 4.3.3.0, libxml2 2.9.5, cssselect 1.0.3, parsel 1.5.1, w3lib 1.20.0, Twisted 18.9.0, Python 3.7.3 (v3.7.3:ef4ec6ed12, Mar 25 2019, 21:26:53) [MSC v.1916 32 bit (Intel)], pyOpenSSL 19.0.0 (OpenSSL 1.1.1b  26 Feb 2019), cryptography 2.6.1, Platform Windows-7-6.1.7601-SP1
2019-06-14 17:29:01 [scrapy.crawler] INFO: Overridden settings: {'BOT_NAME': 'spiderframe', 'DOWNLOAD_DELAY': 0.3, 'LOG_FILE': 'log/scrapy_2019614.log', 'LOG_LEVEL': 'INFO', 'NEWSPIDER_MODULE': 'spiderframe.spiders', 'SPIDER_MODULES': ['spiderframe.spiders'], 'USER_AGENT': 'Mozilla/5.0 (Windows NT 6.1; Win64; x64) AppleWebKit/537.36 (KHTML, like Gecko) Chrome/73.0.3683.86 Safari/537.36'}
2019-06-14 17:29:01 [scrapy.extensions.telnet] INFO: Telnet Password: 4a9c68ecd242c719
2019-06-14 17:29:01 [scrapy.middleware] INFO: Enabled extensions:
['scrapy.extensions.corestats.CoreStats',
 'scrapy.extensions.telnet.TelnetConsole',
 'scrapy.extensions.logstats.LogStats']
2019-06-14 17:29:01 [scrapy.middleware] INFO: Enabled downloader middlewares:
['scrapy.downloadermiddlewares.httpauth.HttpAuthMiddleware',
 'scrapy.downloadermiddlewares.downloadtimeout.DownloadTimeoutMiddleware',
 'scrapy.downloadermiddlewares.defaultheaders.DefaultHeadersMiddleware',
 'scrapy.downloadermiddlewares.useragent.UserAgentMiddleware',
 'scrapy.downloadermiddlewares.retry.RetryMiddleware',
 'scrapy.downloadermiddlewares.redirect.MetaRefreshMiddleware',
 'scrapy.downloadermiddlewares.httpcompression.HttpCompressionMiddleware',
 'scrapy.downloadermiddlewares.redirect.RedirectMiddleware',
 'scrapy.downloadermiddlewares.cookies.CookiesMiddleware',
 'scrapy.downloadermiddlewares.httpproxy.HttpProxyMiddleware',
 'scrapy.downloadermiddlewares.stats.DownloaderStats']
2019-06-14 17:29:01 [scrapy.middleware] INFO: Enabled spider middlewares:
['scrapy.spidermiddlewares.httperror.HttpErrorMiddleware',
 'scrapy.spidermiddlewares.offsite.OffsiteMiddleware',
 'scrapy.spidermiddlewares.referer.RefererMiddleware',
 'scrapy.spidermiddlewares.urllength.UrlLengthMiddleware',
 'scrapy.spidermiddlewares.depth.DepthMiddleware']
2019-06-14 17:29:01 [scrapy.middleware] INFO: Enabled item pipelines:
['spiderframe.pipelines.SpiderframePipeline',
 'spiderframe.pipelines.RedisPipeline',
 'spiderframe.pipelines.MySQLPipeline',
 'spiderframe.pipelines.ImagePipeline']
2019-06-14 17:29:01 [scrapy.core.engine] INFO: Spider opened
2019-06-14 17:29:03 [scrapy.extensions.logstats] INFO: Crawled 0 pages (at 0 pages/min), scraped 0 items (at 0 items/min)
2019-06-14 17:29:03 [py.warnings] WARNING: D:\datatang\venv\lib\site-packages\scrapy\spidermiddlewares\offsite.py:61: URLWarning: allowed_domains accepts only domains, not URLs. Ignoring URL entry http://image.baidu.com in allowed_domains.
  warnings.warn(message, URLWarning)

2019-06-14 17:29:03 [scrapy.extensions.telnet] INFO: Telnet console listening on 127.0.0.1:6024
2019-06-14 17:29:13 [scrapy.core.scraper] ERROR: Spider error processing <GET http://image.baidu.com/search/acjson?tn=resultjson_com&ipn=rj&ct=201326592&is=&fp=result&queryWord=%E6%89%93%E6%9E%B6&cl=2&lm=-1&ie=utf-8&oe=utf-8&adpicid=&st=&z=&ic=&hd=&latest=&copyright=&word=%E6%89%93%E6%9E%B6&s=&se=&tab=&width=&height=&face=&istype=&qc=&nc=1&fr=&expermode=&force=&pn=30&rn=30&gsm=96&1560502693339=> (referer: None)
Traceback (most recent call last):
  File "D:\datatang\venv\lib\site-packages\twisted\internet\defer.py", line 654, in _runCallbacks
    current.result = callback(current.result, *args, **kw)
  File "D:\datatang\spiderframe\spiderframe\spiders\image_baidu.py", line 23, in parse
    for obj in replaceUrl:
TypeError: 'NoneType' object is not iterable
2019-06-14 17:29:14 [scrapy.core.engine] INFO: Closing spider (finished)
2019-06-14 17:29:14 [scrapy.statscollectors] INFO: Dumping Scrapy stats:
{'downloader/request_bytes': 589,
 'downloader/request_count': 1,
 'downloader/request_method_count/GET': 1,
 'downloader/response_bytes': 12056,
 'downloader/response_count': 1,
 'downloader/response_status_count/200': 1,
 'finish_reason': 'finished',
 'finish_time': datetime.datetime(2019, 6, 14, 9, 29, 14, 178200),
 'log_count/ERROR': 1,
 'log_count/INFO': 9,
 'log_count/WARNING': 1,
 'response_received_count': 1,
 'scheduler/dequeued': 1,
 'scheduler/dequeued/memory': 1,
 'scheduler/enqueued': 1,
 'scheduler/enqueued/memory': 1,
 'spider_exceptions/TypeError': 1,
 'start_time': datetime.datetime(2019, 6, 14, 9, 29, 3, 528200)}
2019-06-14 17:29:14 [scrapy.core.engine] INFO: Spider closed (finished)
2019-06-14 17:30:34 [scrapy.utils.log] INFO: Scrapy 1.6.0 started (bot: spiderframe)
2019-06-14 17:30:34 [scrapy.utils.log] INFO: Versions: lxml 4.3.3.0, libxml2 2.9.5, cssselect 1.0.3, parsel 1.5.1, w3lib 1.20.0, Twisted 18.9.0, Python 3.7.3 (v3.7.3:ef4ec6ed12, Mar 25 2019, 21:26:53) [MSC v.1916 32 bit (Intel)], pyOpenSSL 19.0.0 (OpenSSL 1.1.1b  26 Feb 2019), cryptography 2.6.1, Platform Windows-7-6.1.7601-SP1
2019-06-14 17:30:34 [scrapy.crawler] INFO: Overridden settings: {'BOT_NAME': 'spiderframe', 'DOWNLOAD_DELAY': 0.3, 'LOG_FILE': 'log/scrapy_2019614.log', 'LOG_LEVEL': 'INFO', 'NEWSPIDER_MODULE': 'spiderframe.spiders', 'SPIDER_MODULES': ['spiderframe.spiders'], 'USER_AGENT': 'Mozilla/5.0 (Windows NT 6.1; Win64; x64) AppleWebKit/537.36 (KHTML, like Gecko) Chrome/73.0.3683.86 Safari/537.36'}
2019-06-14 17:30:34 [scrapy.extensions.telnet] INFO: Telnet Password: 814e74fb614bfb79
2019-06-14 17:30:34 [scrapy.middleware] INFO: Enabled extensions:
['scrapy.extensions.corestats.CoreStats',
 'scrapy.extensions.telnet.TelnetConsole',
 'scrapy.extensions.logstats.LogStats']
2019-06-14 17:30:34 [scrapy.middleware] INFO: Enabled downloader middlewares:
['scrapy.downloadermiddlewares.httpauth.HttpAuthMiddleware',
 'scrapy.downloadermiddlewares.downloadtimeout.DownloadTimeoutMiddleware',
 'scrapy.downloadermiddlewares.defaultheaders.DefaultHeadersMiddleware',
 'scrapy.downloadermiddlewares.useragent.UserAgentMiddleware',
 'scrapy.downloadermiddlewares.retry.RetryMiddleware',
 'scrapy.downloadermiddlewares.redirect.MetaRefreshMiddleware',
 'scrapy.downloadermiddlewares.httpcompression.HttpCompressionMiddleware',
 'scrapy.downloadermiddlewares.redirect.RedirectMiddleware',
 'scrapy.downloadermiddlewares.cookies.CookiesMiddleware',
 'scrapy.downloadermiddlewares.httpproxy.HttpProxyMiddleware',
 'scrapy.downloadermiddlewares.stats.DownloaderStats']
2019-06-14 17:30:34 [scrapy.middleware] INFO: Enabled spider middlewares:
['scrapy.spidermiddlewares.httperror.HttpErrorMiddleware',
 'scrapy.spidermiddlewares.offsite.OffsiteMiddleware',
 'scrapy.spidermiddlewares.referer.RefererMiddleware',
 'scrapy.spidermiddlewares.urllength.UrlLengthMiddleware',
 'scrapy.spidermiddlewares.depth.DepthMiddleware']
2019-06-14 17:30:34 [scrapy.middleware] INFO: Enabled item pipelines:
['spiderframe.pipelines.SpiderframePipeline',
 'spiderframe.pipelines.RedisPipeline',
 'spiderframe.pipelines.MySQLPipeline',
 'spiderframe.pipelines.ImagePipeline']
2019-06-14 17:30:34 [scrapy.core.engine] INFO: Spider opened
2019-06-14 17:30:35 [scrapy.extensions.logstats] INFO: Crawled 0 pages (at 0 pages/min), scraped 0 items (at 0 items/min)
2019-06-14 17:30:35 [py.warnings] WARNING: D:\datatang\venv\lib\site-packages\scrapy\spidermiddlewares\offsite.py:61: URLWarning: allowed_domains accepts only domains, not URLs. Ignoring URL entry http://image.baidu.com in allowed_domains.
  warnings.warn(message, URLWarning)

2019-06-14 17:30:35 [scrapy.extensions.telnet] INFO: Telnet console listening on 127.0.0.1:6024
2019-06-14 17:30:45 [scrapy.core.scraper] ERROR: Spider error processing <GET http://image.baidu.com/search/acjson?tn=resultjson_com&ipn=rj&ct=201326592&is=&fp=result&queryWord=%E6%89%93%E6%9E%B6&cl=2&lm=-1&ie=utf-8&oe=utf-8&adpicid=&st=&z=&ic=&hd=&latest=&copyright=&word=%E6%89%93%E6%9E%B6&s=&se=&tab=&width=&height=&face=&istype=&qc=&nc=1&fr=&expermode=&force=&pn=30&rn=30&gsm=96&1560502693339=> (referer: None)
Traceback (most recent call last):
  File "D:\datatang\venv\lib\site-packages\twisted\internet\defer.py", line 654, in _runCallbacks
    current.result = callback(current.result, *args, **kw)
  File "D:\datatang\spiderframe\spiderframe\spiders\image_baidu.py", line 23, in parse
    for obj in replaceUrl:
TypeError: 'NoneType' object is not iterable
2019-06-14 17:30:45 [scrapy.core.engine] INFO: Closing spider (finished)
2019-06-14 17:30:45 [scrapy.statscollectors] INFO: Dumping Scrapy stats:
{'downloader/request_bytes': 589,
 'downloader/request_count': 1,
 'downloader/request_method_count/GET': 1,
 'downloader/response_bytes': 12021,
 'downloader/response_count': 1,
 'downloader/response_status_count/200': 1,
 'finish_reason': 'finished',
 'finish_time': datetime.datetime(2019, 6, 14, 9, 30, 45, 803200),
 'log_count/ERROR': 1,
 'log_count/INFO': 9,
 'log_count/WARNING': 1,
 'response_received_count': 1,
 'scheduler/dequeued': 1,
 'scheduler/dequeued/memory': 1,
 'scheduler/enqueued': 1,
 'scheduler/enqueued/memory': 1,
 'spider_exceptions/TypeError': 1,
 'start_time': datetime.datetime(2019, 6, 14, 9, 30, 35, 264200)}
2019-06-14 17:30:45 [scrapy.core.engine] INFO: Spider closed (finished)
2019-06-14 17:33:29 [scrapy.utils.log] INFO: Scrapy 1.6.0 started (bot: spiderframe)
2019-06-14 17:33:29 [scrapy.utils.log] INFO: Versions: lxml 4.3.3.0, libxml2 2.9.5, cssselect 1.0.3, parsel 1.5.1, w3lib 1.20.0, Twisted 18.9.0, Python 3.7.3 (v3.7.3:ef4ec6ed12, Mar 25 2019, 21:26:53) [MSC v.1916 32 bit (Intel)], pyOpenSSL 19.0.0 (OpenSSL 1.1.1b  26 Feb 2019), cryptography 2.6.1, Platform Windows-7-6.1.7601-SP1
2019-06-14 17:33:29 [scrapy.crawler] INFO: Overridden settings: {'BOT_NAME': 'spiderframe', 'DOWNLOAD_DELAY': 0.3, 'LOG_FILE': 'log/scrapy_2019614.log', 'LOG_LEVEL': 'INFO', 'NEWSPIDER_MODULE': 'spiderframe.spiders', 'SPIDER_MODULES': ['spiderframe.spiders'], 'USER_AGENT': 'Mozilla/5.0 (Windows NT 6.1; Win64; x64) AppleWebKit/537.36 (KHTML, like Gecko) Chrome/73.0.3683.86 Safari/537.36'}
2019-06-14 17:33:30 [scrapy.extensions.telnet] INFO: Telnet Password: 1f78bfe4bfaa8ff3
2019-06-14 17:33:30 [scrapy.middleware] INFO: Enabled extensions:
['scrapy.extensions.corestats.CoreStats',
 'scrapy.extensions.telnet.TelnetConsole',
 'scrapy.extensions.logstats.LogStats']
2019-06-14 17:33:30 [scrapy.middleware] INFO: Enabled downloader middlewares:
['scrapy.downloadermiddlewares.httpauth.HttpAuthMiddleware',
 'scrapy.downloadermiddlewares.downloadtimeout.DownloadTimeoutMiddleware',
 'scrapy.downloadermiddlewares.defaultheaders.DefaultHeadersMiddleware',
 'scrapy.downloadermiddlewares.useragent.UserAgentMiddleware',
 'scrapy.downloadermiddlewares.retry.RetryMiddleware',
 'scrapy.downloadermiddlewares.redirect.MetaRefreshMiddleware',
 'scrapy.downloadermiddlewares.httpcompression.HttpCompressionMiddleware',
 'scrapy.downloadermiddlewares.redirect.RedirectMiddleware',
 'scrapy.downloadermiddlewares.cookies.CookiesMiddleware',
 'scrapy.downloadermiddlewares.httpproxy.HttpProxyMiddleware',
 'scrapy.downloadermiddlewares.stats.DownloaderStats']
2019-06-14 17:33:30 [scrapy.middleware] INFO: Enabled spider middlewares:
['scrapy.spidermiddlewares.httperror.HttpErrorMiddleware',
 'scrapy.spidermiddlewares.offsite.OffsiteMiddleware',
 'scrapy.spidermiddlewares.referer.RefererMiddleware',
 'scrapy.spidermiddlewares.urllength.UrlLengthMiddleware',
 'scrapy.spidermiddlewares.depth.DepthMiddleware']
2019-06-14 17:33:30 [scrapy.middleware] INFO: Enabled item pipelines:
['spiderframe.pipelines.SpiderframePipeline',
 'spiderframe.pipelines.RedisPipeline',
 'spiderframe.pipelines.MySQLPipeline',
 'spiderframe.pipelines.ImagePipeline']
2019-06-14 17:33:30 [scrapy.core.engine] INFO: Spider opened
2019-06-14 17:33:30 [scrapy.extensions.logstats] INFO: Crawled 0 pages (at 0 pages/min), scraped 0 items (at 0 items/min)
2019-06-14 17:33:30 [py.warnings] WARNING: D:\datatang\venv\lib\site-packages\scrapy\spidermiddlewares\offsite.py:61: URLWarning: allowed_domains accepts only domains, not URLs. Ignoring URL entry http://image.baidu.com in allowed_domains.
  warnings.warn(message, URLWarning)

2019-06-14 17:33:30 [scrapy.extensions.telnet] INFO: Telnet console listening on 127.0.0.1:6024
2019-06-14 17:34:01 [scrapy.utils.log] INFO: Scrapy 1.6.0 started (bot: spiderframe)
2019-06-14 17:34:01 [scrapy.utils.log] INFO: Versions: lxml 4.3.3.0, libxml2 2.9.5, cssselect 1.0.3, parsel 1.5.1, w3lib 1.20.0, Twisted 18.9.0, Python 3.7.3 (v3.7.3:ef4ec6ed12, Mar 25 2019, 21:26:53) [MSC v.1916 32 bit (Intel)], pyOpenSSL 19.0.0 (OpenSSL 1.1.1b  26 Feb 2019), cryptography 2.6.1, Platform Windows-7-6.1.7601-SP1
2019-06-14 17:34:01 [scrapy.crawler] INFO: Overridden settings: {'BOT_NAME': 'spiderframe', 'DOWNLOAD_DELAY': 0.3, 'LOG_FILE': 'log/scrapy_2019614.log', 'LOG_LEVEL': 'INFO', 'NEWSPIDER_MODULE': 'spiderframe.spiders', 'SPIDER_MODULES': ['spiderframe.spiders'], 'USER_AGENT': 'Mozilla/5.0 (Windows NT 6.1; Win64; x64) AppleWebKit/537.36 (KHTML, like Gecko) Chrome/73.0.3683.86 Safari/537.36'}
2019-06-14 17:34:01 [scrapy.extensions.telnet] INFO: Telnet Password: 2c23bb5c2677372e
2019-06-14 17:34:01 [scrapy.middleware] INFO: Enabled extensions:
['scrapy.extensions.corestats.CoreStats',
 'scrapy.extensions.telnet.TelnetConsole',
 'scrapy.extensions.logstats.LogStats']
2019-06-14 17:34:01 [scrapy.middleware] INFO: Enabled downloader middlewares:
['scrapy.downloadermiddlewares.httpauth.HttpAuthMiddleware',
 'scrapy.downloadermiddlewares.downloadtimeout.DownloadTimeoutMiddleware',
 'scrapy.downloadermiddlewares.defaultheaders.DefaultHeadersMiddleware',
 'scrapy.downloadermiddlewares.useragent.UserAgentMiddleware',
 'scrapy.downloadermiddlewares.retry.RetryMiddleware',
 'scrapy.downloadermiddlewares.redirect.MetaRefreshMiddleware',
 'scrapy.downloadermiddlewares.httpcompression.HttpCompressionMiddleware',
 'scrapy.downloadermiddlewares.redirect.RedirectMiddleware',
 'scrapy.downloadermiddlewares.cookies.CookiesMiddleware',
 'scrapy.downloadermiddlewares.httpproxy.HttpProxyMiddleware',
 'scrapy.downloadermiddlewares.stats.DownloaderStats']
2019-06-14 17:34:01 [scrapy.middleware] INFO: Enabled spider middlewares:
['scrapy.spidermiddlewares.httperror.HttpErrorMiddleware',
 'scrapy.spidermiddlewares.offsite.OffsiteMiddleware',
 'scrapy.spidermiddlewares.referer.RefererMiddleware',
 'scrapy.spidermiddlewares.urllength.UrlLengthMiddleware',
 'scrapy.spidermiddlewares.depth.DepthMiddleware']
2019-06-14 17:34:01 [scrapy.middleware] INFO: Enabled item pipelines:
['spiderframe.pipelines.SpiderframePipeline',
 'spiderframe.pipelines.RedisPipeline',
 'spiderframe.pipelines.MySQLPipeline',
 'spiderframe.pipelines.ImagePipeline']
2019-06-14 17:34:01 [scrapy.core.engine] INFO: Spider opened
2019-06-14 17:34:01 [scrapy.extensions.logstats] INFO: Crawled 0 pages (at 0 pages/min), scraped 0 items (at 0 items/min)
2019-06-14 17:34:01 [py.warnings] WARNING: D:\datatang\venv\lib\site-packages\scrapy\spidermiddlewares\offsite.py:61: URLWarning: allowed_domains accepts only domains, not URLs. Ignoring URL entry http://image.baidu.com in allowed_domains.
  warnings.warn(message, URLWarning)

2019-06-14 17:34:01 [scrapy.extensions.telnet] INFO: Telnet console listening on 127.0.0.1:6024
2019-06-14 17:34:11 [scrapy.core.scraper] ERROR: Spider error processing <GET http://image.baidu.com/search/acjson?tn=resultjson_com&ipn=rj&ct=201326592&is=&fp=result&queryWord=%E6%89%93%E6%9E%B6&cl=2&lm=-1&ie=utf-8&oe=utf-8&adpicid=&st=&z=&ic=&hd=&latest=&copyright=&word=%E6%89%93%E6%9E%B6&s=&se=&tab=&width=&height=&face=&istype=&qc=&nc=1&fr=&expermode=&force=&pn=180&rn=30&gsm=b4&1560502693901=> (referer: None)
Traceback (most recent call last):
  File "D:\datatang\venv\lib\site-packages\twisted\internet\defer.py", line 654, in _runCallbacks
    current.result = callback(current.result, *args, **kw)
  File "D:\datatang\spiderframe\spiderframe\spiders\image_baidu.py", line 23, in parse
    for obj in replaceUrl:
TypeError: 'NoneType' object is not iterable
2019-06-14 17:34:11 [scrapy.core.engine] INFO: Closing spider (finished)
2019-06-14 17:34:11 [scrapy.statscollectors] INFO: Dumping Scrapy stats:
{'downloader/request_bytes': 590,
 'downloader/request_count': 1,
 'downloader/request_method_count/GET': 1,
 'downloader/response_bytes': 12179,
 'downloader/response_count': 1,
 'downloader/response_status_count/200': 1,
 'finish_reason': 'finished',
 'finish_time': datetime.datetime(2019, 6, 14, 9, 34, 11, 190200),
 'log_count/ERROR': 1,
 'log_count/INFO': 9,
 'log_count/WARNING': 1,
 'response_received_count': 1,
 'scheduler/dequeued': 1,
 'scheduler/dequeued/memory': 1,
 'scheduler/enqueued': 1,
 'scheduler/enqueued/memory': 1,
 'spider_exceptions/TypeError': 1,
 'start_time': datetime.datetime(2019, 6, 14, 9, 34, 1, 736200)}
2019-06-14 17:34:11 [scrapy.core.engine] INFO: Spider closed (finished)
2019-06-14 17:41:10 [scrapy.utils.log] INFO: Scrapy 1.6.0 started (bot: spiderframe)
2019-06-14 17:41:10 [scrapy.utils.log] INFO: Versions: lxml 4.3.3.0, libxml2 2.9.5, cssselect 1.0.3, parsel 1.5.1, w3lib 1.20.0, Twisted 18.9.0, Python 3.7.3 (v3.7.3:ef4ec6ed12, Mar 25 2019, 21:26:53) [MSC v.1916 32 bit (Intel)], pyOpenSSL 19.0.0 (OpenSSL 1.1.1b  26 Feb 2019), cryptography 2.6.1, Platform Windows-7-6.1.7601-SP1
2019-06-14 17:41:10 [scrapy.crawler] INFO: Overridden settings: {'BOT_NAME': 'spiderframe', 'DOWNLOAD_DELAY': 0.3, 'LOG_FILE': 'log/scrapy_2019614.log', 'LOG_LEVEL': 'INFO', 'NEWSPIDER_MODULE': 'spiderframe.spiders', 'SPIDER_MODULES': ['spiderframe.spiders'], 'USER_AGENT': 'Mozilla/5.0 (Windows NT 6.1; Win64; x64) AppleWebKit/537.36 (KHTML, like Gecko) Chrome/73.0.3683.86 Safari/537.36'}
2019-06-14 17:41:10 [scrapy.extensions.telnet] INFO: Telnet Password: 33ffdb633acfc3ef
2019-06-14 17:41:10 [scrapy.middleware] INFO: Enabled extensions:
['scrapy.extensions.corestats.CoreStats',
 'scrapy.extensions.telnet.TelnetConsole',
 'scrapy.extensions.logstats.LogStats']
2019-06-14 17:41:10 [scrapy.middleware] INFO: Enabled downloader middlewares:
['scrapy.downloadermiddlewares.httpauth.HttpAuthMiddleware',
 'scrapy.downloadermiddlewares.downloadtimeout.DownloadTimeoutMiddleware',
 'scrapy.downloadermiddlewares.defaultheaders.DefaultHeadersMiddleware',
 'scrapy.downloadermiddlewares.useragent.UserAgentMiddleware',
 'scrapy.downloadermiddlewares.retry.RetryMiddleware',
 'scrapy.downloadermiddlewares.redirect.MetaRefreshMiddleware',
 'scrapy.downloadermiddlewares.httpcompression.HttpCompressionMiddleware',
 'scrapy.downloadermiddlewares.redirect.RedirectMiddleware',
 'scrapy.downloadermiddlewares.cookies.CookiesMiddleware',
 'scrapy.downloadermiddlewares.httpproxy.HttpProxyMiddleware',
 'scrapy.downloadermiddlewares.stats.DownloaderStats']
2019-06-14 17:41:10 [scrapy.middleware] INFO: Enabled spider middlewares:
['scrapy.spidermiddlewares.httperror.HttpErrorMiddleware',
 'scrapy.spidermiddlewares.offsite.OffsiteMiddleware',
 'scrapy.spidermiddlewares.referer.RefererMiddleware',
 'scrapy.spidermiddlewares.urllength.UrlLengthMiddleware',
 'scrapy.spidermiddlewares.depth.DepthMiddleware']
2019-06-14 17:41:10 [scrapy.middleware] INFO: Enabled item pipelines:
['spiderframe.pipelines.SpiderframePipeline',
 'spiderframe.pipelines.RedisPipeline',
 'spiderframe.pipelines.MySQLPipeline',
 'spiderframe.pipelines.ImagePipeline']
2019-06-14 17:41:10 [scrapy.core.engine] INFO: Spider opened
2019-06-14 17:41:10 [scrapy.extensions.logstats] INFO: Crawled 0 pages (at 0 pages/min), scraped 0 items (at 0 items/min)
2019-06-14 17:41:10 [py.warnings] WARNING: D:\datatang\venv\lib\site-packages\scrapy\spidermiddlewares\offsite.py:61: URLWarning: allowed_domains accepts only domains, not URLs. Ignoring URL entry http://image.baidu.com in allowed_domains.
  warnings.warn(message, URLWarning)

2019-06-14 17:41:10 [scrapy.extensions.telnet] INFO: Telnet console listening on 127.0.0.1:6024
2019-06-14 17:41:11 [scrapy.core.scraper] ERROR: Spider error processing <GET http://image.baidu.com/search/acjson?tn=resultjson_com&ipn=rj&ct=201326592&is=&fp=result&queryWord=%E6%89%93%E6%9E%B6&cl=2&lm=-1&ie=utf-8&oe=utf-8&adpicid=&st=&z=&ic=&hd=&latest=&copyright=&word=%E6%89%93%E6%9E%B6&s=&se=&tab=&width=&height=&face=&istype=&qc=&nc=1&fr=&expermode=&force=&pn=180&rn=30&gsm=b4&1560502693901=> (referer: None)
Traceback (most recent call last):
  File "D:\datatang\venv\lib\site-packages\twisted\internet\defer.py", line 654, in _runCallbacks
    current.result = callback(current.result, *args, **kw)
  File "D:\datatang\spiderframe\spiderframe\spiders\image_baidu.py", line 23, in parse
    for obj in replaceUrl:
TypeError: 'NoneType' object is not iterable
2019-06-14 17:41:11 [scrapy.core.engine] INFO: Closing spider (finished)
2019-06-14 17:41:11 [scrapy.statscollectors] INFO: Dumping Scrapy stats:
{'downloader/request_bytes': 590,
 'downloader/request_count': 1,
 'downloader/request_method_count/GET': 1,
 'downloader/response_bytes': 10641,
 'downloader/response_count': 1,
 'downloader/response_status_count/200': 1,
 'finish_reason': 'finished',
 'finish_time': datetime.datetime(2019, 6, 14, 9, 41, 11, 207200),
 'log_count/ERROR': 1,
 'log_count/INFO': 9,
 'log_count/WARNING': 1,
 'response_received_count': 1,
 'scheduler/dequeued': 1,
 'scheduler/dequeued/memory': 1,
 'scheduler/enqueued': 1,
 'scheduler/enqueued/memory': 1,
 'spider_exceptions/TypeError': 1,
 'start_time': datetime.datetime(2019, 6, 14, 9, 41, 10, 815200)}
2019-06-14 17:41:11 [scrapy.core.engine] INFO: Spider closed (finished)
2019-06-14 17:45:50 [scrapy.utils.log] INFO: Scrapy 1.6.0 started (bot: spiderframe)
2019-06-14 17:45:50 [scrapy.utils.log] INFO: Versions: lxml 4.3.3.0, libxml2 2.9.5, cssselect 1.0.3, parsel 1.5.1, w3lib 1.20.0, Twisted 18.9.0, Python 3.7.3 (v3.7.3:ef4ec6ed12, Mar 25 2019, 21:26:53) [MSC v.1916 32 bit (Intel)], pyOpenSSL 19.0.0 (OpenSSL 1.1.1b  26 Feb 2019), cryptography 2.6.1, Platform Windows-7-6.1.7601-SP1
2019-06-14 17:45:50 [scrapy.crawler] INFO: Overridden settings: {'BOT_NAME': 'spiderframe', 'DOWNLOAD_DELAY': 0.3, 'LOG_FILE': 'log/scrapy_2019614.log', 'LOG_LEVEL': 'INFO', 'NEWSPIDER_MODULE': 'spiderframe.spiders', 'SPIDER_MODULES': ['spiderframe.spiders'], 'USER_AGENT': 'Mozilla/5.0 (Windows NT 6.1; Win64; x64) AppleWebKit/537.36 (KHTML, like Gecko) Chrome/73.0.3683.86 Safari/537.36'}
2019-06-14 17:45:50 [scrapy.extensions.telnet] INFO: Telnet Password: 6a2a3a5bb2f85f8c
2019-06-14 17:45:50 [scrapy.middleware] INFO: Enabled extensions:
['scrapy.extensions.corestats.CoreStats',
 'scrapy.extensions.telnet.TelnetConsole',
 'scrapy.extensions.logstats.LogStats']
2019-06-14 17:45:50 [scrapy.middleware] INFO: Enabled downloader middlewares:
['scrapy.downloadermiddlewares.httpauth.HttpAuthMiddleware',
 'scrapy.downloadermiddlewares.downloadtimeout.DownloadTimeoutMiddleware',
 'scrapy.downloadermiddlewares.defaultheaders.DefaultHeadersMiddleware',
 'scrapy.downloadermiddlewares.useragent.UserAgentMiddleware',
 'scrapy.downloadermiddlewares.retry.RetryMiddleware',
 'scrapy.downloadermiddlewares.redirect.MetaRefreshMiddleware',
 'scrapy.downloadermiddlewares.httpcompression.HttpCompressionMiddleware',
 'scrapy.downloadermiddlewares.redirect.RedirectMiddleware',
 'scrapy.downloadermiddlewares.cookies.CookiesMiddleware',
 'scrapy.downloadermiddlewares.httpproxy.HttpProxyMiddleware',
 'scrapy.downloadermiddlewares.stats.DownloaderStats']
2019-06-14 17:45:50 [scrapy.middleware] INFO: Enabled spider middlewares:
['scrapy.spidermiddlewares.httperror.HttpErrorMiddleware',
 'scrapy.spidermiddlewares.offsite.OffsiteMiddleware',
 'scrapy.spidermiddlewares.referer.RefererMiddleware',
 'scrapy.spidermiddlewares.urllength.UrlLengthMiddleware',
 'scrapy.spidermiddlewares.depth.DepthMiddleware']
2019-06-14 17:45:50 [scrapy.middleware] INFO: Enabled item pipelines:
['spiderframe.pipelines.SpiderframePipeline',
 'spiderframe.pipelines.RedisPipeline',
 'spiderframe.pipelines.MySQLPipeline',
 'spiderframe.pipelines.ImagePipeline']
2019-06-14 17:45:50 [scrapy.core.engine] INFO: Spider opened
2019-06-14 17:45:50 [scrapy.extensions.logstats] INFO: Crawled 0 pages (at 0 pages/min), scraped 0 items (at 0 items/min)
2019-06-14 17:45:50 [py.warnings] WARNING: D:\datatang\venv\lib\site-packages\scrapy\spidermiddlewares\offsite.py:61: URLWarning: allowed_domains accepts only domains, not URLs. Ignoring URL entry http://image.baidu.com in allowed_domains.
  warnings.warn(message, URLWarning)

2019-06-14 17:45:50 [scrapy.extensions.telnet] INFO: Telnet console listening on 127.0.0.1:6024
2019-06-14 17:45:52 [scrapy.core.scraper] ERROR: Spider error processing <GET http://image.baidu.com/search/acjson?tn=resultjson_com&ipn=rj&ct=201326592&is=&fp=result&queryWord=%E6%9A%B4%E5%8A%9B%E6%89%93%E6%9E%B6&cl=2&lm=-1&ie=utf-8&oe=utf-8&adpicid=&st=-1&z=&ic=&hd=&latest=&copyright=&word=%E6%9A%B4%E5%8A%9B%E6%89%93%E6%9E%B6&s=&se=&tab=&width=&height=&face=&istype=&qc=&nc=1&fr=&expermode=&force=&pn=30&rn=30&gsm=1e&1560505489300=> (referer: None)
Traceback (most recent call last):
  File "D:\datatang\venv\lib\site-packages\twisted\internet\defer.py", line 654, in _runCallbacks
    current.result = callback(current.result, *args, **kw)
  File "D:\datatang\spiderframe\spiderframe\spiders\image_baidu.py", line 23, in parse
    for obj in replaceUrl:
TypeError: 'NoneType' object is not iterable
2019-06-14 17:45:52 [scrapy.core.engine] INFO: Closing spider (finished)
2019-06-14 17:45:52 [scrapy.statscollectors] INFO: Dumping Scrapy stats:
{'downloader/request_bytes': 627,
 'downloader/request_count': 1,
 'downloader/request_method_count/GET': 1,
 'downloader/response_bytes': 13066,
 'downloader/response_count': 1,
 'downloader/response_status_count/200': 1,
 'finish_reason': 'finished',
 'finish_time': datetime.datetime(2019, 6, 14, 9, 45, 52, 371200),
 'log_count/ERROR': 1,
 'log_count/INFO': 9,
 'log_count/WARNING': 1,
 'response_received_count': 1,
 'scheduler/dequeued': 1,
 'scheduler/dequeued/memory': 1,
 'scheduler/enqueued': 1,
 'scheduler/enqueued/memory': 1,
 'spider_exceptions/TypeError': 1,
 'start_time': datetime.datetime(2019, 6, 14, 9, 45, 50, 941200)}
2019-06-14 17:45:52 [scrapy.core.engine] INFO: Spider closed (finished)
2019-06-14 17:46:45 [scrapy.utils.log] INFO: Scrapy 1.6.0 started (bot: spiderframe)
2019-06-14 17:46:45 [scrapy.utils.log] INFO: Versions: lxml 4.3.3.0, libxml2 2.9.5, cssselect 1.0.3, parsel 1.5.1, w3lib 1.20.0, Twisted 18.9.0, Python 3.7.3 (v3.7.3:ef4ec6ed12, Mar 25 2019, 21:26:53) [MSC v.1916 32 bit (Intel)], pyOpenSSL 19.0.0 (OpenSSL 1.1.1b  26 Feb 2019), cryptography 2.6.1, Platform Windows-7-6.1.7601-SP1
2019-06-14 17:46:45 [scrapy.crawler] INFO: Overridden settings: {'BOT_NAME': 'spiderframe', 'DOWNLOAD_DELAY': 0.3, 'LOG_FILE': 'log/scrapy_2019614.log', 'LOG_LEVEL': 'INFO', 'NEWSPIDER_MODULE': 'spiderframe.spiders', 'SPIDER_MODULES': ['spiderframe.spiders'], 'USER_AGENT': 'Mozilla/5.0 (Windows NT 6.1; Win64; x64) AppleWebKit/537.36 (KHTML, like Gecko) Chrome/73.0.3683.86 Safari/537.36'}
2019-06-14 17:46:45 [scrapy.extensions.telnet] INFO: Telnet Password: 66faf25ebf431eb7
2019-06-14 17:46:45 [scrapy.middleware] INFO: Enabled extensions:
['scrapy.extensions.corestats.CoreStats',
 'scrapy.extensions.telnet.TelnetConsole',
 'scrapy.extensions.logstats.LogStats']
2019-06-14 17:46:46 [scrapy.middleware] INFO: Enabled downloader middlewares:
['scrapy.downloadermiddlewares.httpauth.HttpAuthMiddleware',
 'scrapy.downloadermiddlewares.downloadtimeout.DownloadTimeoutMiddleware',
 'scrapy.downloadermiddlewares.defaultheaders.DefaultHeadersMiddleware',
 'scrapy.downloadermiddlewares.useragent.UserAgentMiddleware',
 'scrapy.downloadermiddlewares.retry.RetryMiddleware',
 'scrapy.downloadermiddlewares.redirect.MetaRefreshMiddleware',
 'scrapy.downloadermiddlewares.httpcompression.HttpCompressionMiddleware',
 'scrapy.downloadermiddlewares.redirect.RedirectMiddleware',
 'scrapy.downloadermiddlewares.cookies.CookiesMiddleware',
 'scrapy.downloadermiddlewares.httpproxy.HttpProxyMiddleware',
 'scrapy.downloadermiddlewares.stats.DownloaderStats']
2019-06-14 17:46:46 [scrapy.middleware] INFO: Enabled spider middlewares:
['scrapy.spidermiddlewares.httperror.HttpErrorMiddleware',
 'scrapy.spidermiddlewares.offsite.OffsiteMiddleware',
 'scrapy.spidermiddlewares.referer.RefererMiddleware',
 'scrapy.spidermiddlewares.urllength.UrlLengthMiddleware',
 'scrapy.spidermiddlewares.depth.DepthMiddleware']
2019-06-14 17:46:46 [scrapy.middleware] INFO: Enabled item pipelines:
['spiderframe.pipelines.SpiderframePipeline',
 'spiderframe.pipelines.RedisPipeline',
 'spiderframe.pipelines.MySQLPipeline',
 'spiderframe.pipelines.ImagePipeline']
2019-06-14 17:46:46 [scrapy.core.engine] INFO: Spider opened
2019-06-14 17:46:46 [scrapy.extensions.logstats] INFO: Crawled 0 pages (at 0 pages/min), scraped 0 items (at 0 items/min)
2019-06-14 17:46:46 [py.warnings] WARNING: D:\datatang\venv\lib\site-packages\scrapy\spidermiddlewares\offsite.py:61: URLWarning: allowed_domains accepts only domains, not URLs. Ignoring URL entry http://image.baidu.com in allowed_domains.
  warnings.warn(message, URLWarning)

2019-06-14 17:46:46 [scrapy.extensions.telnet] INFO: Telnet console listening on 127.0.0.1:6024
2019-06-14 17:46:47 [scrapy.core.scraper] ERROR: Spider error processing <GET http://image.baidu.com/search/acjson?tn=resultjson_com&ipn=rj&ct=201326592&is=&fp=result&queryWord=%E6%9A%B4%E5%8A%9B%E6%89%93%E6%9E%B6&cl=2&lm=-1&ie=utf-8&oe=utf-8&adpicid=&st=-1&z=&ic=&hd=&latest=&copyright=&word=%E6%9A%B4%E5%8A%9B%E6%89%93%E6%9E%B6&s=&se=&tab=&width=&height=&face=&istype=&qc=&nc=1&fr=&expermode=&force=&pn=30&rn=30&gsm=1e&1560505489300=> (referer: None)
Traceback (most recent call last):
  File "D:\datatang\venv\lib\site-packages\twisted\internet\defer.py", line 654, in _runCallbacks
    current.result = callback(current.result, *args, **kw)
  File "D:\datatang\spiderframe\spiderframe\spiders\image_baidu.py", line 23, in parse
    for obj in replaceUrl:
TypeError: 'NoneType' object is not iterable
2019-06-14 17:46:47 [scrapy.core.engine] INFO: Closing spider (finished)
2019-06-14 17:46:47 [scrapy.statscollectors] INFO: Dumping Scrapy stats:
{'downloader/request_bytes': 627,
 'downloader/request_count': 1,
 'downloader/request_method_count/GET': 1,
 'downloader/response_bytes': 13103,
 'downloader/response_count': 1,
 'downloader/response_status_count/200': 1,
 'finish_reason': 'finished',
 'finish_time': datetime.datetime(2019, 6, 14, 9, 46, 47, 339200),
 'log_count/ERROR': 1,
 'log_count/INFO': 9,
 'log_count/WARNING': 1,
 'response_received_count': 1,
 'scheduler/dequeued': 1,
 'scheduler/dequeued/memory': 1,
 'scheduler/enqueued': 1,
 'scheduler/enqueued/memory': 1,
 'spider_exceptions/TypeError': 1,
 'start_time': datetime.datetime(2019, 6, 14, 9, 46, 46, 250200)}
2019-06-14 17:46:47 [scrapy.core.engine] INFO: Spider closed (finished)
2019-06-14 17:50:12 [scrapy.utils.log] INFO: Scrapy 1.6.0 started (bot: spiderframe)
2019-06-14 17:50:12 [scrapy.utils.log] INFO: Versions: lxml 4.3.3.0, libxml2 2.9.5, cssselect 1.0.3, parsel 1.5.1, w3lib 1.20.0, Twisted 18.9.0, Python 3.7.3 (v3.7.3:ef4ec6ed12, Mar 25 2019, 21:26:53) [MSC v.1916 32 bit (Intel)], pyOpenSSL 19.0.0 (OpenSSL 1.1.1b  26 Feb 2019), cryptography 2.6.1, Platform Windows-7-6.1.7601-SP1
2019-06-14 17:50:12 [scrapy.crawler] INFO: Overridden settings: {'BOT_NAME': 'spiderframe', 'DOWNLOAD_DELAY': 0.3, 'LOG_FILE': 'log/scrapy_2019614.log', 'LOG_LEVEL': 'INFO', 'NEWSPIDER_MODULE': 'spiderframe.spiders', 'SPIDER_MODULES': ['spiderframe.spiders'], 'USER_AGENT': 'Mozilla/5.0 (Windows NT 6.1; Win64; x64) AppleWebKit/537.36 (KHTML, like Gecko) Chrome/73.0.3683.86 Safari/537.36'}
2019-06-14 17:50:12 [scrapy.extensions.telnet] INFO: Telnet Password: a6c3626e67c70db4
2019-06-14 17:50:12 [scrapy.middleware] INFO: Enabled extensions:
['scrapy.extensions.corestats.CoreStats',
 'scrapy.extensions.telnet.TelnetConsole',
 'scrapy.extensions.logstats.LogStats']
2019-06-14 17:50:13 [scrapy.middleware] INFO: Enabled downloader middlewares:
['scrapy.downloadermiddlewares.httpauth.HttpAuthMiddleware',
 'scrapy.downloadermiddlewares.downloadtimeout.DownloadTimeoutMiddleware',
 'scrapy.downloadermiddlewares.defaultheaders.DefaultHeadersMiddleware',
 'scrapy.downloadermiddlewares.useragent.UserAgentMiddleware',
 'scrapy.downloadermiddlewares.retry.RetryMiddleware',
 'scrapy.downloadermiddlewares.redirect.MetaRefreshMiddleware',
 'scrapy.downloadermiddlewares.httpcompression.HttpCompressionMiddleware',
 'scrapy.downloadermiddlewares.redirect.RedirectMiddleware',
 'scrapy.downloadermiddlewares.cookies.CookiesMiddleware',
 'scrapy.downloadermiddlewares.httpproxy.HttpProxyMiddleware',
 'scrapy.downloadermiddlewares.stats.DownloaderStats']
2019-06-14 17:50:13 [scrapy.middleware] INFO: Enabled spider middlewares:
['scrapy.spidermiddlewares.httperror.HttpErrorMiddleware',
 'scrapy.spidermiddlewares.offsite.OffsiteMiddleware',
 'scrapy.spidermiddlewares.referer.RefererMiddleware',
 'scrapy.spidermiddlewares.urllength.UrlLengthMiddleware',
 'scrapy.spidermiddlewares.depth.DepthMiddleware']
2019-06-14 17:50:13 [scrapy.middleware] INFO: Enabled item pipelines:
['spiderframe.pipelines.SpiderframePipeline',
 'spiderframe.pipelines.RedisPipeline',
 'spiderframe.pipelines.MySQLPipeline',
 'spiderframe.pipelines.ImagePipeline']
2019-06-14 17:50:13 [scrapy.core.engine] INFO: Spider opened
2019-06-14 17:50:13 [scrapy.extensions.logstats] INFO: Crawled 0 pages (at 0 pages/min), scraped 0 items (at 0 items/min)
2019-06-14 17:50:13 [py.warnings] WARNING: D:\datatang\venv\lib\site-packages\scrapy\spidermiddlewares\offsite.py:61: URLWarning: allowed_domains accepts only domains, not URLs. Ignoring URL entry http://image.baidu.com in allowed_domains.
  warnings.warn(message, URLWarning)

2019-06-14 17:50:13 [scrapy.extensions.telnet] INFO: Telnet console listening on 127.0.0.1:6024
2019-06-14 17:50:13 [scrapy.core.engine] INFO: Closing spider (finished)
2019-06-14 17:50:13 [scrapy.statscollectors] INFO: Dumping Scrapy stats:
{'downloader/request_bytes': 627,
 'downloader/request_count': 1,
 'downloader/request_method_count/GET': 1,
 'downloader/response_bytes': 13066,
 'downloader/response_count': 1,
 'downloader/response_status_count/200': 1,
 'finish_reason': 'finished',
 'finish_time': datetime.datetime(2019, 6, 14, 9, 50, 13, 521200),
 'log_count/INFO': 9,
 'log_count/WARNING': 1,
 'response_received_count': 1,
 'scheduler/dequeued': 1,
 'scheduler/dequeued/memory': 1,
 'scheduler/enqueued': 1,
 'scheduler/enqueued/memory': 1,
 'start_time': datetime.datetime(2019, 6, 14, 9, 50, 13, 265200)}
2019-06-14 17:50:13 [scrapy.core.engine] INFO: Spider closed (finished)
